<?xml version="1.0" encoding="UTF-8"?>
<!-- Generated by org.testng.reporters.JUnitReportReporter -->
<testsuite skipped="0" hostname="W70147" name="com.qa.hubspot.pageTests.SignInTest" tests="1" failures="0" timestamp="06 Oct 2020 12:43:06 GMT" time="0.053" errors="0">
  <testcase name="logoTest" time="0.053" classname="com.qa.hubspot.pageTests.SignInTest"/>
</testsuite> <!-- com.qa.hubspot.pageTests.SignInTest -->
